yarn run v1.22.19
$ next build
info  - Linting and checking validity of types...
info  - Creating an optimized production build...
info  - Compiled successfully
info  - Collecting page data...
info  - Generating static pages (0/3)
info  - Generating static pages (3/3)
info  - Finalizing page optimization...

Route (pages)                              Size     First Load JS
┌ ○ /                                      259 B          72.3 kB
├   /_app                                  0 B            72.1 kB
├ ○ /404                                   181 B          72.3 kB
└ λ /api/hello                             0 B            72.1 kB
+ First Load JS shared by all              72.1 kB
  ├ chunks/framework-f62daa56174d3a31.js   45.4 kB
  ├ chunks/main-d2a793b6dc23a82a.js        25.7 kB
  ├ chunks/pages/_app-4b2041e059ed5a29.js  286 B
  └ chunks/webpack-4e7214a60fad8e88.js     712 B

λ  (Server)  server-side renders at runtime (uses getInitialProps or getServerSideProps)
○  (Static)  automatically rendered as static HTML (uses no initial props)

Done in 2.26s.
